<?xml version="1.0" encoding="UTF-8"?>
<testng-results ignored="0" total="1" passed="1" failed="0" skipped="0">
  <reporter-output>
  </reporter-output>
  <suite started-at="2024-11-17T00:25:36 IST" name="Suite" finished-at="2024-11-17T00:25:40 IST" duration-ms="3895">
    <groups>
    </groups>
    <test started-at="2024-11-17T00:25:36 IST" name="Test" finished-at="2024-11-17T00:25:40 IST" duration-ms="3895">
      <class name="Tests.DeleteUserTest">
        <test-method is-config="true" signature="setup(java.lang.String)[pri:0, instance:Tests.DeleteUserTest@1bab8268]" started-at="2024-11-17T00:25:36 IST" name="setup" finished-at="2024-11-17T00:25:37 IST" duration-ms="592" status="PASS">
          <params>
            <param index="0">
              <value is-null="true"/>
            </param>
          </params>
          <reporter-output>
          </reporter-output>
        </test-method> <!-- setup -->
        <test-method signature="testDeleteWithPOJOLombokBuilder()[pri:0, instance:Tests.DeleteUserTest@1bab8268]" started-at="2024-11-17T00:25:37 IST" name="testDeleteWithPOJOLombokBuilder" finished-at="2024-11-17T00:25:40 IST" duration-ms="3195" status="PASS">
          <reporter-output>
          </reporter-output>
        </test-method> <!-- testDeleteWithPOJOLombokBuilder -->
      </class> <!-- Tests.DeleteUserTest -->
    </test> <!-- Test -->
  </suite> <!-- Suite -->
</testng-results>
